2021-02-12 01:40:42 INFO  Subcription:  Success New User Registration: MrVig as user roles 
2021-02-12 01:41:22 WARN  Error creating new user:  MrVig  Username already in use 
2021-02-12 01:41:56 WARN  Error creating new user:  MrNewGuy  email already in use 
2021-02-12 01:42:28 INFO  Subcription:  Success New User Registration: MrNewGuy as user roles 
2021-02-12 01:43:11 INFO  Login:  Success! Signed in for: MrNewGuy as: ROLE_SEEKER 
2021-02-12 01:44:03 INFO  Page_Access: MrNewGuy accessed Users page  
2021-02-12 01:44:53 WARN  Page_Access: MrNewGuy tried to access Employees page without Employees role. User_role: ROLE_SEEKER 
2021-02-12 01:45:42 WARN  Page_Access:  Unauthorised attempt to access internal secured page 
2021-02-12 01:48:00 INFO  Subcription:  Success New User Registration: MrEmployee as employee roles 
2021-02-12 01:48:42 INFO  Login:  Success! Signed in for: MrEmployee as: ROLE_RECRUITER 
2021-02-12 01:49:18 INFO  Page_Access: MrEmployee Accessed Employee page  
2021-04-10 22:35:19 INFO  Subcription:  Success New User Registration: Vig as user roles 
2021-04-10 22:36:14 INFO  Subcription:  Success New User Registration: Vigs as user roles 
2021-04-10 22:57:56 WARN  Login:  Error Signing in for: Vigs  Error Message: User not found 
2021-04-10 22:58:03 WARN  Login:  Error Signing in for: Vig  Error Message: User not found 
2021-04-10 22:58:36 WARN  Login:  Error Signing in for: Visg  Error Message: User not found 
2021-04-10 22:58:42 WARN  Login:  Error Signing in for: Vigs  Error Message: User not found 
2021-04-10 22:59:01 WARN  Login:  Error Signing in for: a  Error Message: User not found 
2021-04-10 22:59:05 INFO  Subcription:  Success New User Registration: a as employee roles 
2021-04-10 22:59:39 WARN  Error creating new user:  aa  email already in use 
2021-04-10 22:59:42 INFO  Subcription:  Success New User Registration: aa as user roles 
2021-04-10 22:59:52 INFO  Login:  Success! Signed in for: aa as: ROLE_USER 
2021-04-10 23:00:57 INFO  Page_Access: aa accessed user page  
2021-04-10 23:02:30 INFO  Page_Access: aa accessed user page  
2021-04-10 23:02:41 INFO  Login:  Success! Signed in for: aa as: ROLE_USER 
2021-04-10 23:02:58 INFO  Page_Access: aa accessed user page  
2021-04-10 23:06:40 INFO  Page_Access: aa accessed user page  
2021-04-10 23:08:09 INFO  Page_Access: aa accessed user page  
2021-04-10 23:09:12 INFO  Page_Access: aa accessed user page  
2021-04-10 23:13:11 INFO  Page_Access: aa accessed user page  
2021-04-10 23:15:27 INFO  Page_Access: aa accessed user page  
2021-04-10 23:16:15 INFO  Page_Access: aa accessed user page  
2021-04-10 23:22:50 INFO  Page_Access: aa accessed user page  
2021-04-10 23:23:27 INFO  Page_Access: aa accessed user page  
2021-04-10 23:35:17 INFO  Page_Access: aa accessed user page  
2021-04-10 23:39:49 INFO  Page_Access: aa accessed user page  
2021-04-10 23:40:00 INFO  Page_Access: aa accessed user page  
2021-04-10 23:40:05 INFO  Page_Access: aa accessed user page  
2021-04-10 23:40:07 INFO  Page_Access: aa accessed user page  
2021-04-10 23:40:09 INFO  Page_Access: aa accessed user page  
2021-04-10 23:40:11 INFO  Page_Access: aa accessed user page  
2021-04-10 23:48:24 INFO  Page_Access: aa accessed user page  
2021-04-10 23:48:37 INFO  Page_Access: aa accessed user page  
2021-04-10 23:54:10 INFO  Page_Access: aa accessed user page  
2021-04-10 23:54:16 INFO  Page_Access: aa accessed user page  
2021-04-10 23:57:58 INFO  Page_Access: aa accessed user page  
2021-04-10 23:59:09 INFO  Page_Access: aa accessed user page  
2021-04-11 00:06:33 INFO  Page_Access: aa accessed user page  
2021-04-11 00:18:00 INFO  Page_Access: aa accessed user page  
2021-04-11 00:20:33 INFO  Page_Access: aa accessed user page  
2021-04-11 00:21:59 INFO  Page_Access: aa accessed user page  
2021-04-11 00:22:15 INFO  Page_Access: aa accessed user page  
2021-04-11 00:22:18 INFO  Page_Access: aa accessed user page  
2021-04-11 00:22:21 INFO  Page_Access: aa accessed user page  
2021-04-11 00:22:23 INFO  Page_Access: aa accessed user page  
2021-04-11 00:22:30 INFO  Page_Access: aa accessed user page  
2021-04-11 00:22:41 INFO  Page_Access: aa accessed user page  
2021-04-11 00:25:04 INFO  Page_Access: aa accessed user page  
2021-04-11 00:25:15 INFO  Page_Access: aa accessed user page  
2021-04-11 00:25:30 INFO  Page_Access: aa accessed user page  
2021-04-11 00:26:34 INFO  Page_Access: aa accessed user page  
2021-04-11 00:26:36 INFO  Page_Access: aa accessed user page  
2021-04-11 00:27:58 INFO  Page_Access: aa accessed user page  
2021-04-11 00:28:13 INFO  Page_Access: aa accessed user page  
2021-04-11 00:29:42 INFO  Page_Access: aa accessed user page  
2021-04-11 00:29:44 INFO  Page_Access: aa accessed user page  
2021-04-11 00:30:10 INFO  Page_Access: aa accessed user page  
2021-04-11 00:30:15 INFO  Page_Access: aa accessed user page  
2021-04-11 00:31:37 INFO  Page_Access: aa accessed user page  
2021-04-11 00:32:49 INFO  Page_Access: aa accessed user page  
2021-04-11 00:43:43 WARN  Login:  Error Signing in for: user  Error Message: User not found 
2021-04-11 00:43:57 WARN  Login:  Error Signing in for: user  Error Message: User not found 
2021-04-11 00:44:10 INFO  Subcription:  Success New User Registration: user as undefined roles 
2021-04-11 00:47:49 INFO  Subcription:  Success New User Registration: users as undefined roles 
2021-04-11 00:47:55 INFO  Login:  Success! Signed in for: users as: ROLE_USER 
2021-04-11 00:48:03 INFO  Page_Access: users accessed user page  
2021-04-11 00:48:13 INFO  Page_Access: users accessed user page  
2021-04-11 00:49:08 INFO  Page_Access: users accessed user page  
2021-04-11 00:49:15 INFO  Page_Access: users accessed user page  
2021-04-11 00:49:22 INFO  Page_Access: users accessed user page  
2021-04-11 00:49:25 INFO  Page_Access: users accessed user page  
2021-04-11 00:49:45 INFO  Page_Access: users accessed user page  
2021-04-11 00:49:48 INFO  Page_Access: users accessed user page  
2021-04-11 00:49:51 INFO  Page_Access: users accessed user page  
2021-04-11 01:24:27 INFO  Page_Access: users accessed user page  
2021-04-11 01:25:23 INFO  Page_Access: users accessed user page  
2021-04-11 01:25:56 INFO  Page_Access: users accessed user page  
2021-04-11 01:26:19 INFO  Page_Access: users accessed user page  
2021-04-11 01:26:24 INFO  Page_Access: users accessed user page  
2021-04-11 01:27:48 INFO  Page_Access: users accessed user page  
2021-04-11 01:27:58 INFO  Page_Access: users accessed user page  
2021-04-11 01:28:08 INFO  Page_Access: users accessed user page  
2021-04-11 01:28:09 INFO  Page_Access: users accessed user page  
2021-04-11 01:28:32 INFO  Page_Access: users accessed user page  
2021-04-11 01:28:55 INFO  Page_Access: users accessed user page  
2021-04-11 01:33:37 INFO  Page_Access: users accessed user page  
2021-04-11 01:34:22 INFO  Page_Access: users accessed user page  
2021-04-11 01:34:28 INFO  Page_Access: users accessed user page  
2021-04-11 01:35:41 INFO  Page_Access: users accessed user page  
2021-04-11 01:37:14 INFO  Page_Access: users accessed user page  
2021-04-11 01:37:19 INFO  Page_Access: users accessed user page  
2021-04-11 01:38:32 INFO  Page_Access: users accessed user page  
2021-04-11 01:41:04 INFO  Page_Access: users accessed user page  
2021-04-11 01:41:07 INFO  Page_Access: users accessed user page  
2021-04-11 01:41:56 INFO  Page_Access: users accessed user page  
2021-04-11 01:42:17 INFO  Page_Access: users accessed user page  
2021-04-11 01:48:52 INFO  Page_Access: users accessed user page  
2021-04-11 01:49:19 INFO  Subcription:  Success New User Registration: n as undefined roles 
2021-04-11 01:49:28 INFO  Subcription:  Success New User Registration: ns as undefined roles 
2021-04-11 01:49:36 INFO  Subcription:  Success New User Registration: nsa as undefined roles 
2021-04-11 01:49:40 WARN  Error creating new user:  snsa  email already in use 
2021-04-11 01:49:43 INFO  Subcription:  Success New User Registration: snsa as undefined roles 
2021-04-11 01:49:47 INFO  Subcription:  Success New User Registration: sansa as undefined roles 
2021-04-11 01:49:50 INFO  Page_Access: users accessed user page  
2021-04-11 01:53:31 INFO  Page_Access: users accessed user page  
2021-04-11 01:54:33 INFO  Page_Access: users accessed user page  
2021-04-11 01:55:16 WARN  Error creating new user:  sansa  Username already in use 
2021-04-11 01:55:19 INFO  Subcription:  Success New User Registration: sasnsa as undefined roles 
2021-04-11 01:55:23 INFO  Page_Access: users accessed user page  
2021-04-11 01:55:42 INFO  Page_Access: users accessed user page  
2021-04-11 01:56:30 INFO  Page_Access: users accessed user page  
2021-04-11 01:59:15 INFO  Page_Access: users accessed user page  
2021-04-11 01:59:45 INFO  Page_Access: users accessed user page  
2021-04-11 01:59:55 INFO  Page_Access: users accessed user page  
2021-04-11 02:00:05 INFO  Page_Access: users accessed user page  
2021-04-11 02:00:09 INFO  Page_Access: users accessed user page  
2021-04-11 02:01:13 INFO  Page_Access: users accessed user page  
2021-04-11 02:01:22 INFO  Page_Access: users accessed user page  
2021-04-11 02:01:24 INFO  Page_Access: users accessed user page  
2021-04-11 02:01:40 INFO  Page_Access: users accessed user page  
2021-04-11 02:01:50 INFO  Page_Access: users accessed user page  
2021-04-11 02:02:00 INFO  Page_Access: users accessed user page  
2021-04-11 02:02:55 INFO  Page_Access: users accessed user page  
2021-04-11 02:03:29 INFO  Page_Access: users accessed user page  
2021-04-11 02:03:46 INFO  Page_Access: users accessed user page  
2021-04-11 02:03:52 INFO  Page_Access: users accessed user page  
2021-04-11 02:04:24 INFO  Page_Access: users accessed user page  
2021-04-11 02:04:28 INFO  Page_Access: users accessed user page  
2021-04-11 02:04:45 INFO  Page_Access: users accessed user page  
2021-04-11 02:05:07 INFO  Page_Access: users accessed user page  
2021-04-11 02:06:53 INFO  Page_Access: users accessed user page  
2021-04-11 02:07:03 INFO  Page_Access: users accessed user page  
2021-04-11 02:07:15 INFO  Page_Access: users accessed user page  
2021-04-11 02:07:28 INFO  Page_Access: users accessed user page  
2021-04-11 02:07:42 INFO  Page_Access: users accessed user page  
2021-04-11 02:07:47 INFO  Page_Access: users accessed user page  
2021-04-11 02:07:59 INFO  Page_Access: users accessed user page  
2021-04-11 02:08:09 INFO  Page_Access: users accessed user page  
2021-04-11 02:08:16 INFO  Page_Access: users accessed user page  
2021-04-11 02:08:21 INFO  Page_Access: users accessed user page  
2021-04-11 02:08:34 INFO  Page_Access: users accessed user page  
2021-04-11 02:08:40 INFO  Page_Access: users accessed user page  
2021-04-11 02:08:44 INFO  Page_Access: users accessed user page  
2021-04-11 02:32:41 INFO  Subcription:  Success New User Registration: qw as undefined roles 
2021-04-11 02:36:50 INFO  Subcription:  Success New User Registration: qmw as undefined roles 
2021-04-11 02:37:04 INFO  Subcription:  Success New User Registration: mw as undefined roles 
2021-04-11 02:37:11 INFO  Page_Access: qmw accessed user page  
2021-04-11 02:37:32 INFO  Page_Access: qmw accessed user page  
2021-04-11 02:37:44 INFO  Page_Access: qmw accessed user page  
2021-04-11 02:37:53 INFO  Page_Access: qmw accessed user page  
2021-04-11 03:00:23 INFO  Subcription:  Success New User Registration: mw as undefined roles 
2021-04-11 03:00:55 WARN  Error creating new user:  mw  Username already in use 
2021-04-11 03:12:27 INFO  Subcription:  Success New User Registration: mw as undefined roles 
2021-04-11 03:13:48 INFO  Subcription:  Success New User Registration: mw as undefined roles 
2021-04-11 03:13:50 WARN  Error creating new user:  mw  Username already in use 
2021-04-11 03:14:16 WARN  Error creating new user:  mssw  email already in use 
2021-04-11 03:14:39 WARN  Error creating new user:  mssw  Username already in use 
2021-04-11 03:16:01 INFO  Login:  Success! Signed in for: mssw as:  
2021-04-11 03:16:21 INFO  Login:  Success! Signed in for: mw as: ROLE_USER 
2021-04-11 03:16:32 INFO  Login:  Success! Signed in for: mssw as:  
2021-04-11 03:16:49 INFO  Login:  Success! Signed in for: mw as: ROLE_USER 
2021-04-11 03:20:49 WARN  Login:  Error Signing in for: mw  Error Message: User not found 
2021-04-11 03:20:56 WARN  Login:  Error Signing in for: msw  Error Message: User not found 
2021-04-11 03:21:09 WARN  Error creating new user:  msw  Username already in use 
2021-04-11 03:22:45 WARN  Error creating new user:  msw  Username already in use 
2021-04-11 03:25:03 WARN  Error creating new user:  msw  Enter Valid Role 
2021-04-11 03:25:23 WARN  Error creating new user:  msw  Username already in use 
2021-04-11 03:25:32 INFO  Subcription:  Success New User Registration: msw as employee roles 
2021-04-11 03:25:40 WARN  Error creating new user:  mssw  email already in use 
2021-04-11 03:26:59 WARN  Error creating new user:  mssw  Username already in use 
2021-04-11 03:32:33 WARN  Error creating new user:  msw  Username already in use 
2021-04-11 03:32:49 WARN  Error creating new user:  msw  Enter Valid Role 
2021-04-11 03:32:59 INFO  Subcription:  Success New User Registration: msw as user roles 
2021-04-11 03:33:22 INFO  Subcription:  Success New User Registration: mssw as user roles 
2021-04-11 03:33:28 WARN  Error creating new user:  mssw  Username already in use 
2021-04-11 03:33:31 WARN  Error creating new user:  amssw  email already in use 
2021-04-11 03:33:34 INFO  Subcription:  Success New User Registration: amssw as user roles 
2021-04-11 03:34:03 INFO  Login:  Success! Signed in for: amssw as: ROLE_USER 
2021-04-11 03:34:12 INFO  Page_Access: amssw accessed user page  
2021-04-11 03:34:19 WARN  Page_Access:  Unauthorised attempt to access internal secured page 
2021-04-11 03:34:26 INFO  Page_Access: amssw accessed user page  
2021-04-11 03:34:32 INFO  Page_Access: amssw accessed user page  
2021-04-11 03:34:43 INFO  Page_Access: amssw accessed user page  
2021-04-11 03:34:48 INFO  Page_Access: amssw accessed user page  
2021-04-11 03:35:49 WARN  Login:  Error Signing in for: amssw  Error Message: User not found 
2021-04-11 03:36:03 WARN  Login:  Error Signing in for: amssw  Error Message: User not found 
2021-04-11 03:36:08 INFO  Subcription:  Success New User Registration: amssw as user roles 
2021-04-11 03:36:12 INFO  Login:  Success! Signed in for: amssw as: ROLE_USER 
2021-04-11 03:36:21 INFO  Login:  Success! Signed in for: amssw as: ROLE_USER 
2021-04-11 03:36:24 WARN  Error creating new user:  amssw  Username already in use 
2021-04-11 03:36:31 INFO  Subcription:  Success New User Registration: amassw as employee roles 
2021-04-11 03:36:41 INFO  Login:  Success! Signed in for: amassw as: ROLE_EMPLOYEE 
2021-04-11 03:36:49 WARN  Page_Access: amassw tried to access User page without User or User role. User_role:ROLE_EMPLOYEE 
2021-04-11 03:39:13 WARN  Page_Access: amassw tried to access User page without User or User role. User_role:ROLE_EMPLOYEE 
2021-04-11 03:52:25 INFO  Login:  Success! Signed in for: amassw as: ROLE_EMPLOYEE 
2021-04-11 03:52:29 WARN  Error creating new user:  amassw  Username already in use 
2021-04-11 03:52:39 WARN  Error creating new user:  amassw  Username already in use 
2021-04-11 03:52:50 INFO  Subcription:  Success New User Registration: hi as user roles 
2021-04-11 03:52:56 WARN  Error creating new user:  hi  Username already in use 
2021-04-11 03:58:37 WARN  Error creating new user:  hi  Username already in use 
2021-04-11 03:58:41 WARN  Error creating new user:  hissss  email already in use 
2021-04-11 03:58:44 INFO  Subcription:  Success New User Registration: hissss as user roles 
2021-04-11 03:58:51 WARN  Error creating new user:  hissss  Username already in use 
2021-04-11 03:58:58 WARN  Error creating new user:  hi  Username already in use 
2021-04-11 03:59:01 WARN  Error creating new user:  h  email already in use 
2021-04-11 03:59:23 WARN  Login:  Error Signing in for: h  Error Message: User not found 
2021-04-11 04:02:16 WARN  Login:  Error Signing in for: h  Error Message: User not found 
2021-04-11 04:03:03 INFO  Login:  Success! Signed in for: hi as: ROLE_USER 
2021-04-11 04:04:06 INFO  Login:  Success! Signed in for: hi as: ROLE_USER 
2021-04-11 04:04:14 WARN  Login:  Error Signing in for: h  Error Message: User not found 
2021-04-11 04:05:21 WARN  Login:  Error Signing in for: h  Error Message: User not found 
2021-04-11 04:12:00 WARN  Login:  Error Signing in for: h  Error Message: User not found 
2021-04-11 04:15:49 WARN  Login:  Error Signing in for: h  Error Message: User not found 
2021-04-11 04:16:30 WARN  Login:  Error Signing in for: h  Error Message: User not found 
2021-04-11 04:18:28 WARN  Login:  Error Signing in for: h  Error Message: User not found 
2021-04-11 04:24:33 WARN  Login:  Error Signing in for: h  Error Message: User not found 
2021-04-11 04:25:11 WARN  Login:  Error Signing in for: h  Error Message: User not found 
2021-04-11 04:27:29 WARN  Login:  Error Signing in for: h  Error Message: User not found 
2021-04-11 04:27:48 WARN  Login:  Error Signing in for: h  Error Message: User not found 
2021-04-11 04:28:32 WARN  Login:  Error Signing in for: h  Error Message: User not found 
2021-04-11 04:29:25 WARN  Login:  Error Signing in for: h  Error Message: User not found 
2021-04-11 04:30:11 WARN  Login:  Error Signing in for: h  Error Message: User not found 
2021-04-11 04:31:15 INFO  Login:  Success! Signed in for: hi as: ROLE_USER 
2021-04-11 04:31:28 INFO  Page_Access: hi accessed user page  
2021-04-11 04:50:42 INFO  Subcription:  Success New User Registration: h as user roles 
2021-04-11 04:54:34 WARN  Login:  Error Signing in for: h  Error Message: User not found 
2021-04-11 04:54:51 WARN  Login:  Error Signing in for: h  Error Message: User not found 
2021-04-11 04:57:35 INFO  Subcription:  Success New User Registration: h as user roles 
2021-04-11 04:58:49 WARN  Error creating new user:  h  Username already in use 
2021-04-11 04:59:06 WARN  Error creating new user:  hi  email already in use 
2021-04-11 05:00:05 INFO  Subcription:  Success New User Registration: hi as user roles 
2021-04-11 05:00:09 WARN  Error creating new user:  hhi  email already in use 
2021-04-11 05:03:16 INFO  Subcription:  Success New User Registration: hhi as user roles 
2021-04-11 05:03:23 WARN  Error creating new user:  hhi  Username already in use 
2021-04-11 05:03:27 WARN  Error creating new user:  hi  email already in use 
2021-04-11 05:06:38 INFO  Subcription:  Success New User Registration: hi as employee roles 
2021-04-11 05:06:47 INFO  Subcription:  Success New User Registration: hi as user roles 
2021-04-11 05:06:52 WARN  Error creating new user:  hi  Username already in use 
2021-04-11 05:06:58 WARN  Error creating new user:  hsi  Enter Valid Role 
2021-04-11 05:07:17 INFO  Subcription:  Success New User Registration: hsi as employee roles 
2021-04-11 05:07:25 INFO  Subcription:  Success New User Registration: hssi as user roles 
2021-04-11 05:07:29 INFO  Login:  Success! Signed in for: hssi as: ROLE_USER 
2021-04-11 05:08:15 INFO  Subcription:  Success New User Registration: new as user roles 
2021-04-11 05:08:46 INFO  Subcription:  Success New User Registration: new1 as employee roles 
2021-04-11 05:09:15 INFO  Subcription:  Success New User Registration: new1 as employee roles 
2021-04-11 05:09:31 INFO  Subcription:  Success New User Registration: new1 as user roles 
2021-04-11 20:49:13 INFO  Subcription:  Success New User Registration: new1 as user roles 
2021-04-11 20:51:10 WARN  Error creating new user:  new1  Username already in use 
2021-04-11 20:51:14 WARN  Error creating new user:  new  email already in use 
2021-04-11 20:58:47 INFO  Subcription:  Success New User Registration: new as employee roles 
2021-04-11 20:58:56 WARN  Login:  Error Signing in for: new  Error Message: User not found 
2021-04-11 21:04:09 INFO  Subcription:  Success New User Registration: new as employee roles 
2021-04-11 21:04:18 INFO  Subcription:  Success New User Registration: new as user roles 
2021-04-11 21:04:23 WARN  Error creating new user:  new  Username already in use 
2021-04-11 21:04:30 INFO  Login:  Success! Signed in for: new as: ROLE_USER 
2021-04-11 21:04:48 WARN  Login:  Error Signing in for: new  Error Message: Invalid Password Entered 
2021-04-11 21:04:53 INFO  Login:  Success! Signed in for: new as: ROLE_USER 
2021-04-11 21:24:57 WARN  Login:  Error Signing in for: new  Error Message: User not found 
2021-04-11 21:25:39 WARN  Error creating new user:  new  Username already in use 
2021-04-11 21:25:59 INFO  Subcription:  Success New User Registration: newa as employee roles 
2021-04-11 21:26:06 INFO  Login:  Success! Signed in for: newa as: ROLE_EMPLOYEE 
2021-04-11 21:26:26 WARN  Page_Access: new tried to access User page without User or User role. User_role:ROLE_EMPLOYEE 
2021-04-11 21:26:35 WARN  Page_Access: new tried to access User page without User or User role. User_role:ROLE_EMPLOYEE 
2021-04-11 21:26:38 INFO  Page_Access: new Accessed Employee page  
2021-04-11 21:27:57 WARN  Page_Access: new tried to access User page without User or User role. User_role:ROLE_EMPLOYEE 
2021-04-11 21:34:01 WARN  Login:  Error Signing in for: newa  Error Message: User not found 
2021-04-11 21:34:06 INFO  Subcription:  Success New User Registration: newa as employee roles 
2021-04-11 21:34:09 INFO  Login:  Success! Signed in for: newa as: ROLE_EMPLOYEE 
2021-04-11 21:34:19 WARN  Login:  Error Signing in for: newa  Error Message: User not found 
2021-04-11 21:34:30 INFO  Subcription:  Success New User Registration: newa as employee roles 
2021-04-11 21:34:34 WARN  Login:  Error Signing in for: newa  Error Message: User not found 
2021-04-11 21:34:41 INFO  Subcription:  Success New User Registration: newa as employee roles 
2021-04-11 21:34:44 INFO  Subcription:  Success New User Registration: newa as employee roles 
2021-04-11 21:34:45 INFO  Subcription:  Success New User Registration: newa as employee roles 
2021-04-11 21:35:06 INFO  Subcription:  Success New User Registration: newa as user roles 
2021-04-11 21:35:09 INFO  Login:  Success! Signed in for: newa as: ROLE_USER 
2021-04-11 21:35:12 WARN  Error creating new user:  newa  Username already in use 
2021-04-11 21:35:19 INFO  Login:  Success! Signed in for: newa as: ROLE_USER 
2021-04-11 21:35:31 INFO  Page_Access: newa accessed user page  
2021-04-11 21:35:38 INFO  Page_Access: newa accessed user page  
2021-04-11 21:35:52 WARN  Page_Access: newa tried to access Employees page without Employees role. User_role: ROLE_USER 
2021-04-11 21:35:56 WARN  Page_Access: newa tried to access Employees page without Employees role. User_role: ROLE_USER 
2021-04-11 21:36:15 INFO  Login:  Success! Signed in for: newa as: ROLE_USER 
2021-04-11 21:36:29 WARN  Error creating new user:  newa  Username already in use 
2021-04-11 21:36:31 INFO  Login:  Success! Signed in for: newa as: ROLE_USER 
2021-04-11 21:38:09 WARN  Login:  Error Signing in for: s  Error Message: User not found 
2021-04-11 21:38:12 INFO  Subcription:  Success New User Registration: s as employee roles 
2021-04-11 21:38:14 INFO  Login:  Success! Signed in for: s as: ROLE_EMPLOYEE 
2021-04-11 21:38:26 INFO  Page_Access: newa accessed user page  
2021-04-11 21:39:32 INFO  Page_Access: s Accessed Employee page  
2021-04-11 21:39:34 INFO  Page_Access: s Accessed Employee page  
2021-04-11 21:43:55 WARN  Login:  Error Signing in for: s  Error Message: User not found 
2021-04-11 21:44:03 WARN  Login:  Error Signing in for: s  Error Message: User not found 
2021-04-11 21:44:14 INFO  Login:  Success! Signed in for: s as:  
2021-04-11 21:44:29 WARN  Page_Access: s tried to access User page without User or User role. User_role: 
2021-04-11 21:47:07 WARN  Login:  Error Signing in for: s  Error Message: User not found 
2021-04-11 21:47:11 WARN  Login:  Error Signing in for: ss  Error Message: User not found 
2021-04-11 21:48:26 WARN  Error creating new user:  ss  Username already in use 
2021-04-11 21:48:31 INFO  Subcription:  Success New User Registration: sss as employee roles 
2021-04-11 21:48:39 WARN  Error creating new user:  ss  Username already in use 
2021-04-11 21:50:27 INFO  Subcription:  Success New User Registration: ssa as user roles 
2021-04-11 21:50:31 WARN  Error creating new user:  ssa  Username already in use 
2021-04-11 21:50:37 WARN  Error creating new user:  ssa  Username already in use 
2021-04-11 21:52:57 INFO  Subcription:  Success New User Registration: sa as employee roles 
2021-04-11 21:53:02 WARN  Login:  Error Signing in for: sa  Error Message: User not found 
2021-04-11 21:53:11 WARN  Login:  Error Signing in for: sa  Error Message: User not found 
2021-04-11 21:53:31 INFO  Subcription:  Success New User Registration: a as user roles 
2021-04-11 21:53:43 INFO  Login:  Success! Signed in for: a as: ROLE_USER 
2021-04-11 21:54:08 INFO  Subcription:  Success New User Registration: e as employee roles 
2021-04-11 21:54:11 WARN  Login:  Error Signing in for: e  Error Message: User not found 
2021-04-11 21:56:13 WARN  Login:  Error Signing in for: e  Error Message: User not found 
2021-04-11 21:56:52 WARN  Error creating new user:  e  Username already in use 
2021-04-11 21:57:29 INFO  Subcription:  Success New User Registration: ea as user roles 
2021-04-11 22:03:59 INFO  Subcription:  Success New User Registration: ea as user roles 
2021-04-11 22:04:06 WARN  Error creating new user:  ea  Username already in use 
2021-04-11 22:04:11 INFO  Subcription:  Success New User Registration: eaa as employee roles 
2021-04-11 22:04:26 WARN  Login:  Error Signing in for: eaa  Error Message: User not found 
2021-04-11 22:04:35 INFO  Login:  Success! Signed in for: ea as: ROLE_USER 
2021-04-11 22:04:50 WARN  Login:  Error Signing in for: eaa  Error Message: User not found 
2021-04-11 22:05:02 INFO  Login:  Success! Signed in for: ea as: ROLE_USER 
2021-04-11 22:05:17 INFO  Login:  Success! Signed in for: ea as: ROLE_USER 
2021-04-11 22:05:20 WARN  Error creating new user:  ea  Username already in use 
2021-04-11 22:05:23 WARN  Error creating new user:  a  email already in use 
2021-04-11 22:05:26 INFO  Subcription:  Success New User Registration: a as user roles 
2021-04-11 22:05:50 INFO  Login:  Success! Signed in for: a as: ROLE_USER 
2021-04-11 22:06:06 INFO  Page_Access: ea accessed user page  
2021-04-11 22:06:10 INFO  Page_Access: a accessed user page  
2021-04-11 22:06:22 INFO  Subcription:  Success New User Registration: e as employee roles 
2021-04-11 22:06:25 WARN  Login:  Error Signing in for: e  Error Message: User not found 
2021-04-11 22:06:56 WARN  Login:  Error Signing in for: e  Error Message: User not found 
2021-04-11 22:06:59 INFO  Subcription:  Success New User Registration: e as employee roles 
2021-04-11 22:07:11 INFO  Subcription:  Success New User Registration: u as user roles 
2021-04-11 22:07:14 INFO  Login:  Success! Signed in for: u as: ROLE_USER 
2021-04-11 22:07:24 INFO  Page_Access: u accessed user page  
2021-04-11 22:07:34 WARN  Login:  Error Signing in for: e  Error Message: User not found 
2021-04-11 22:07:41 INFO  Login:  Success! Signed in for: e as: ROLE_EMPLOYEE 
2021-04-11 22:07:48 INFO  Page_Access: u accessed user page  
2021-04-11 22:09:11 WARN  Page_Access: u tried to access Employees page without Employees role. User_role: ROLE_USER 
2021-04-11 22:09:27 WARN  Page_Access: u tried to access Employees page without Employees role. User_role: ROLE_USER 
2021-04-11 22:11:02 WARN  Login:  Error Signing in for: a  Error Message: User not found 
2021-04-11 22:11:09 WARN  Login:  Error Signing in for: a  Error Message: User not found 
2021-04-11 22:11:12 INFO  Subcription:  Success New User Registration: a as user roles 
2021-04-11 22:11:16 INFO  Login:  Success! Signed in for: a as: ROLE_USER 
2021-04-11 22:11:24 WARN  Page_Access: a tried to access Employees page without Employees role. User_role: ROLE_USER 
2021-04-11 22:11:28 INFO  Page_Access: a accessed user page  
2021-04-11 22:11:37 WARN  Page_Access:  Unauthorised attempt to access internal secured page 
2021-04-11 22:12:03 INFO  Subcription:  Success New User Registration: e as employee roles 
2021-04-11 22:12:07 WARN  Login:  Error Signing in for: e  Error Message: User not found 
2021-04-11 22:12:12 INFO  Login:  Success! Signed in for: e as: ROLE_EMPLOYEE 
2021-04-11 22:12:22 INFO  Page_Access: a accessed user page  
2021-04-11 22:13:10 WARN  Page_Access: a tried to access Employees page without Employees role. User_role: ROLE_USER 
2021-04-11 22:16:15 INFO  Subcription:  Success New User Registration: e as employee roles 
2021-04-11 22:16:18 WARN  Login:  Error Signing in for: e  Error Message: User not found 
2021-04-11 22:16:23 INFO  Login:  Success! Signed in for: e as: ROLE_EMPLOYEE 
2021-04-11 22:17:56 WARN  Login:  Error Signing in for: e  Error Message: User not found 
2021-04-11 22:18:02 INFO  Subcription:  Success New User Registration: e as employee roles 
2021-04-11 22:18:35 INFO  Subcription:  Success New User Registration: a as user roles 
2021-04-11 22:18:44 INFO  Login:  Success! Signed in for: e as: ROLE_EMPLOYEE 
2021-04-11 22:18:51 INFO  Page_Access: a accessed user page  
2021-04-11 22:18:58 INFO  Page_Access: a accessed user page  
2021-04-11 22:19:00 INFO  Page_Access: a accessed user page  
2021-04-11 22:19:04 INFO  Page_Access: a accessed user page  
2021-04-11 22:20:20 INFO  Subcription:  Success New User Registration: aa as user roles 
2021-04-11 22:20:22 INFO  Page_Access: a accessed user page  
2021-04-11 22:20:29 INFO  Page_Access: a accessed user page  
2021-04-11 22:20:53 INFO  Subcription:  Success New User Registration: eaa as employee roles 
2021-04-11 22:20:57 INFO  Page_Access: a accessed user page  
2021-04-11 22:22:44 INFO  Page_Access: a accessed user page  
2021-04-11 22:22:52 INFO  Page_Access: a accessed user page  
2021-04-11 22:29:15 INFO  Page_Access: a accessed user page  
2021-04-11 22:29:22 INFO  Page_Access: a accessed user page  
2021-04-11 22:29:31 INFO  Page_Access: a accessed user page  
2021-04-11 22:41:19 INFO  Login:  Success! Signed in for: aa as: ROLE_USER,ROLE_USER 
2021-04-11 22:41:28 WARN  Login:  Error Signing in for: eaa  Error Message: User not found 
2021-04-11 22:41:37 WARN  Login:  Error Signing in for: e  Error Message: User not found 
2021-04-11 22:42:23 INFO  Login:  Success! Signed in for: e as: ROLE_EMPLOYEE 
2021-04-12 01:01:36 INFO  Login:  Success! Signed in for: e as: ROLE_EMPLOYEE 
2021-04-12 01:01:39 INFO  Login:  Success! Signed in for: aa as: ROLE_USER,ROLE_USER 
2021-04-12 01:01:49 INFO  Page_Access: a accessed user page  
2021-04-12 01:01:55 INFO  Page_Access: a accessed user page  
2021-04-12 01:02:05 INFO  Page_Access: aa accessed user page  
2021-04-12 01:02:26 WARN  Page_Access: aa tried to access Employees page without Employees role. User_role: ROLE_USER,ROLE_USER 
2021-04-12 01:02:40 WARN  Page_Access: a tried to access Employees page without Employees role. User_role: ROLE_USER,ROLE_USER 
2021-04-12 01:03:17 WARN  Page_Access: aa tried to access Employees page without Employees role. User_role: ROLE_USER,ROLE_USER 
2021-04-12 01:03:26 WARN  Page_Access: a tried to access Employees page without Employees role. User_role: ROLE_USER,ROLE_USER 
2021-04-12 01:04:06 WARN  Page_Access: a tried to access Employees page without Employees role. User_role: ROLE_USER,ROLE_USER 
2021-04-12 01:04:24 WARN  Page_Access: a tried to access User page without User or User role. User_role:ROLE_USER,ROLE_USER 
2021-04-12 01:04:35 WARN  Page_Access: aa tried to access User page without User or User role. User_role:ROLE_USER,ROLE_USER 
2021-04-12 01:04:43 WARN  Page_Access: a tried to access User page without User or User role. User_role:ROLE_USER,ROLE_USER 
2021-04-12 01:05:06 WARN  Page_Access: a tried to access User page without User or User role. User_role:ROLE_USER,ROLE_USER 
2021-04-12 01:07:28 INFO  Subcription:  Success New User Registration: e as employee roles 
2021-04-12 01:07:35 INFO  Subcription:  Success New User Registration: aa as user roles 
2021-04-12 01:07:39 INFO  Login:  Success! Signed in for: aa as: ROLE_USER,ROLE_USER 
2021-04-12 01:07:45 WARN  Page_Access: aa tried to access User page without User or User role. User_role:ROLE_USER,ROLE_USER 
2021-04-12 01:07:51 WARN  Page_Access: aa tried to access Employees page without Employees role. User_role: ROLE_USER,ROLE_USER 
2021-04-12 01:08:02 INFO  Login:  Success! Signed in for: e as: ROLE_EMPLOYEE 
2021-04-12 01:08:10 WARN  Page_Access: aa tried to access User page without User or User role. User_role:ROLE_USER,ROLE_USER 
2021-04-12 01:08:13 WARN  Page_Access: aa tried to access Employees page without Employees role. User_role: ROLE_USER,ROLE_USER 
2021-04-12 01:10:43 WARN  Login:  Error Signing in for: e  Error Message: User not found 
2021-04-12 01:10:50 INFO  Subcription:  Success New User Registration: e as employee roles 
2021-04-12 01:10:57 INFO  Login:  Success! Signed in for: e as: ROLE_EMPLOYEE 
2021-04-12 01:11:29 INFO  Subcription:  Success New User Registration: e as employee roles 
2021-04-12 01:11:33 INFO  Login:  Success! Signed in for: e as: ROLE_EMPLOYEE 
2021-04-12 01:12:21 INFO  Subcription:  Success New User Registration: e as employee roles 
2021-04-12 01:12:25 INFO  Login:  Success! Signed in for: e as: ROLE_EMPLOYEE 
2021-04-12 01:13:00 INFO  Subcription:  Success New User Registration: e as employee roles 
2021-04-12 01:13:04 INFO  Login:  Success! Signed in for: e as: ROLE_EMPLOYEE 
2021-04-12 01:13:37 INFO  Subcription:  Success New User Registration: e as employee roles 
2021-04-12 01:13:40 INFO  Login:  Success! Signed in for: e as: ROLE_EMPLOYEE 
2021-04-12 01:15:18 INFO  Subcription:  Success New User Registration: aa as user roles 
2021-04-12 01:15:25 INFO  Subcription:  Success New User Registration: e as employee roles 
2021-04-12 01:15:29 INFO  Login:  Success! Signed in for: e as: ROLE_EMPLOYEE 
2021-04-12 01:15:33 INFO  Login:  Success! Signed in for: aa as: ROLE_USER,ROLE_USER 
2021-04-12 01:15:41 WARN  Page_Access: aa tried to access Employees page without Employees role. User_role: ROLE_USER,ROLE_USER 
2021-04-12 01:15:45 INFO  Page_Access: aa accessed user page  
2021-04-12 01:15:56 INFO  Page_Access: aa accessed user page  
2021-04-12 01:16:04 WARN  Page_Access: aa tried to access Employees page without Employees role. User_role: ROLE_USER,ROLE_USER 
2021-04-12 01:19:27 WARN  Login:  Error Signing in for: e  Error Message: User not found 
2021-04-12 01:19:30 INFO  Subcription:  Success New User Registration: e as employee roles 
2021-04-12 01:19:34 INFO  Login:  Success! Signed in for: e as: ROLE_EMPLOYEE 
2021-04-12 01:20:08 INFO  Subcription:  Success New User Registration: e as employee roles 
2021-04-12 01:20:11 INFO  Login:  Success! Signed in for: e as: ROLE_EMPLOYEE 
2021-04-12 01:21:10 INFO  Subcription:  Success New User Registration: aa as user roles 
2021-04-12 01:21:12 INFO  Login:  Success! Signed in for: aa as: ROLE_USER,ROLE_USER 
2021-04-12 01:21:19 WARN  Page_Access: aa tried to access Employees page without Employees role. User_role: ROLE_USER,ROLE_USER 
2021-04-12 01:21:26 INFO  Subcription:  Success New User Registration: e as employee roles 
2021-04-12 01:21:29 INFO  Login:  Success! Signed in for: e as: ROLE_EMPLOYEE 
2021-04-12 01:21:36 INFO  Page_Access: aa accessed user page  
2021-04-12 01:21:40 INFO  Page_Access: aa accessed user page  
2021-04-12 01:21:44 WARN  Page_Access: aa tried to access Employees page without Employees role. User_role: ROLE_USER,ROLE_USER 
2021-04-12 01:21:55 INFO  Page_Access: aa accessed Users page  
2021-04-12 01:22:13 INFO  Page_Access: aa accessed Users page  
2021-04-12 01:22:27 WARN  Page_Access: aa tried to access Employees page without Employees role. User_role: ROLE_USER,ROLE_USER 
2021-04-12 01:23:38 INFO  Subcription:  Success New User Registration: e as employee roles 
2021-04-12 01:23:40 INFO  Login:  Success! Signed in for: e as: ROLE_EMPLOYEE 
2021-04-12 01:25:07 INFO  Subcription:  Success New User Registration: e as employee roles 
2021-04-12 01:25:08 INFO  Login:  Success! Signed in for: e as: ROLE_EMPLOYEE 
2021-04-12 01:25:51 INFO  Subcription:  Success New User Registration: e as employee roles 
2021-04-12 01:25:54 INFO  Login:  Success! Signed in for: e as: ROLE_EMPLOYEE 
2021-04-12 01:26:01 INFO  Page_Access: e Accessed Employee page  
2021-04-12 01:26:13 INFO  Subcription:  Success New User Registration: aa as user roles 
2021-04-12 01:26:16 INFO  Login:  Success! Signed in for: aa as: ROLE_USER,ROLE_USER 
2021-04-12 01:26:23 INFO  Page_Access: e Accessed Employee page  
2021-04-12 01:26:34 INFO  Page_Access: aa accessed user page  
2021-04-12 01:27:06 INFO  Page_Access: e Accessed Employee page  
2021-04-12 01:27:54 INFO  Page_Access: e Accessed Employee page  
2021-04-12 01:28:13 INFO  Page_Access: e Accessed Employee page  
2021-04-12 01:28:20 WARN  Page_Access:  Unauthorised attempt to access internal secured page 
2021-04-12 01:28:26 INFO  Page_Access: e Accessed Employee page  
2021-04-12 01:28:45 INFO  Page_Access: e Accessed Employee page  
2021-04-12 01:28:54 WARN  Login:  Error Signing in for: qw  Error Message: User not found 
2021-04-12 01:28:58 INFO  Subcription:  Success New User Registration: qw as employee roles 
2021-04-12 01:28:59 INFO  Login:  Success! Signed in for: qw as: ROLE_EMPLOYEE 
2021-04-12 01:29:06 INFO  Page_Access: qw Accessed Employee page  
2021-04-12 01:33:18 WARN  Login:  Error Signing in for: qw  Error Message: User not found 
2021-04-12 01:33:20 INFO  Subcription:  Success New User Registration: qw as employee roles 
2021-04-12 01:33:22 INFO  Subcription:  Success New User Registration: qw as employee roles 
2021-04-12 01:33:26 INFO  Subcription:  Success New User Registration: qw as employee roles 
2021-04-12 01:33:27 INFO  Subcription:  Success New User Registration: qw as employee roles 
2021-04-12 01:33:27 INFO  Subcription:  Success New User Registration: qw as employee roles 
2021-04-12 01:33:28 INFO  Subcription:  Success New User Registration: qw as employee roles 
2021-04-12 01:33:29 INFO  Subcription:  Success New User Registration: qw as employee roles 
2021-04-12 01:38:01 INFO  Subcription:  Success New User Registration: qw as employee roles 
2021-04-12 01:38:05 INFO  Login:  Success! Signed in for: qw as: ROLE_EMPLOYEE 
2021-04-12 01:38:10 WARN  Error creating new user:  qw  Username already in use 
2021-04-12 01:38:16 INFO  Subcription:  Success New User Registration: aa as user roles 
2021-04-12 01:38:29 INFO  Login:  Success! Signed in for: aa as: ROLE_USER,ROLE_USER 
2021-04-12 01:38:36 INFO  Page_Access: aa accessed user page  
2021-04-12 01:38:40 INFO  Page_Access: qw Accessed Employee page  
2021-04-12 01:38:49 INFO  Login:  Success! Signed in for: qw as: ROLE_EMPLOYEE 
2021-04-12 01:38:58 INFO  Page_Access: qw Accessed Employee page  
2021-04-12 01:39:02 INFO  Page_Access: aa accessed user page  
2021-04-12 01:41:00 INFO  Subcription:  Success New User Registration: aa as user roles 
2021-04-12 01:41:04 INFO  Login:  Success! Signed in for: aa as: ROLE_USER,ROLE_USER 
2021-04-12 01:41:10 INFO  Page_Access: aa accessed user page  
2021-04-12 01:41:16 INFO  Subcription:  Success New User Registration: qw as employee roles 
2021-04-12 01:41:18 INFO  Login:  Success! Signed in for: qw as: ROLE_EMPLOYEE 
2021-04-12 01:41:24 INFO  Page_Access: aa accessed user page  
2021-04-12 01:41:35 INFO  Page_Access: qw Accessed Employee page  
2021-04-12 01:42:34 INFO  Page_Access: aa accessed user page  
2021-04-12 01:43:26 INFO  Page_Access: aa accessed user page  
2021-04-12 01:43:32 INFO  Page_Access: qw Accessed Employee page  
2021-04-12 01:43:47 INFO  Page_Access: qw Accessed Employee page  
2021-04-12 01:43:47 INFO  Page_Access: qw Accessed Employee page  
2021-04-12 01:43:48 INFO  Page_Access: qw Accessed Employee page  
2021-04-12 01:43:48 INFO  Page_Access: qw Accessed Employee page  
2021-04-12 01:43:49 INFO  Page_Access: qw Accessed Employee page  
2021-04-12 01:43:50 INFO  Page_Access: qw Accessed Employee page  
2021-04-12 01:43:50 INFO  Page_Access: qw Accessed Employee page  
2021-04-12 01:43:51 INFO  Page_Access: qw Accessed Employee page  
2021-04-12 01:44:24 INFO  Subcription:  Success New User Registration: qw as employee roles 
2021-04-12 01:44:27 INFO  Login:  Success! Signed in for: qw as: ROLE_EMPLOYEE 
2021-04-12 01:44:34 INFO  Page_Access: qw Accessed Employee page  
2021-04-12 01:44:51 INFO  Subcription:  Success New User Registration: aa as user roles 
2021-04-12 01:44:53 INFO  Login:  Success! Signed in for: aa as: ROLE_USER,ROLE_USER 
2021-04-12 01:45:00 INFO  Page_Access: qw Accessed Employee page  
2021-04-12 01:45:06 INFO  Page_Access: aa accessed user page  
2021-04-12 01:46:53 INFO  Subcription:  Success New User Registration: qw as employee roles 
2021-04-12 01:46:55 INFO  Login:  Success! Signed in for: qw as: ROLE_EMPLOYEE 
2021-04-12 01:47:19 INFO  Page_Access: qw Accessed Employee page  
2021-04-12 01:47:57 INFO  Subcription:  Success New User Registration: qwq as employee roles 
2021-04-12 01:48:01 INFO  Login:  Success! Signed in for: qwq as: ROLE_EMPLOYEE 
2021-04-12 01:48:07 INFO  Page_Access: qwq Accessed Employee page  
2021-04-12 01:48:42 INFO  Page_Access: qwq Accessed Employee page  
2021-04-12 01:48:54 INFO  Page_Access: qwq Accessed Employee page  
2021-04-12 01:49:35 INFO  Page_Access: qwq Accessed Employee page  
2021-04-12 01:49:36 INFO  Page_Access: qwq Accessed Employee page  
2021-04-12 01:50:54 INFO  Page_Access: qwq Accessed Employee page  
2021-04-12 01:51:00 INFO  Page_Access: qwq Accessed Employee page  
2021-04-12 01:52:43 INFO  Subcription:  Success New User Registration: qwq as employee roles 
2021-04-12 01:52:51 INFO  Login:  Success! Signed in for: qwq as: ROLE_EMPLOYEE 
2021-04-12 01:53:00 INFO  Page_Access: qwq Accessed Employee page  
2021-04-12 01:53:05 INFO  Subcription:  Success New User Registration: aa as user roles 
2021-04-12 01:53:08 INFO  Login:  Success! Signed in for: aa as: ROLE_USER 
2021-04-12 01:53:14 INFO  Page_Access: qwq Accessed Employee page  
2021-04-12 01:53:23 INFO  Page_Access: aa accessed user page  
2021-04-12 01:53:36 INFO  Subcription:  Success New User Registration: aaq as user roles 
2021-04-12 01:53:38 WARN  Error creating new user:  aaq  Username already in use 
2021-04-12 01:53:42 INFO  Login:  Success! Signed in for: aaq as: ROLE_USER 
2021-04-12 01:53:49 WARN  Page_Access:  Unauthorised attempt to access internal secured page 
2021-04-12 01:54:00 INFO  Page_Access: aaq accessed user page  
2021-04-12 01:54:12 INFO  Page_Access: aa accessed user page  
2021-04-12 01:58:05 WARN  Login:  Error Signing in for: aaq  Error Message: User not found 
2021-04-12 01:58:07 INFO  Subcription:  Success New User Registration: aaq as user roles 
2021-04-12 01:58:12 INFO  Login:  Success! Signed in for: aaq as: ROLE_USER 
2021-04-12 01:58:19 INFO  Page_Access: aaq accessed user page  
2021-04-12 01:58:40 INFO  Subcription:  Success New User Registration: qwq as employee roles 
2021-04-12 01:58:43 INFO  Page_Access: qwq Accessed Employee page  
2021-04-12 05:00:30 INFO  Subcription:  Success New User Registration: qwq as employee roles 
2021-04-12 05:01:09 INFO  Subcription:  Success New User Registration: qwq as employee roles 
2021-04-12 05:02:41 INFO  Subcription:  Success New User Registration: qwq as employee roles 
2021-04-12 05:02:50 INFO  Login:  Success! Signed in for: e@e.com as: ROLE_EMPLOYEE 
2021-04-12 05:03:01 INFO  Page_Access: qwq Accessed Employee page  
2021-04-12 05:03:43 WARN  Login:  Error Signing in for: aaq@a.com  Error Message: User not found 
2021-04-12 05:03:45 INFO  Subcription:  Success New User Registration: aaq as user roles 
2021-04-12 05:03:54 INFO  Login:  Success! Signed in for: aaq@a.com as: ROLE_USER 
2021-04-12 05:04:02 INFO  Page_Access: aaq accessed user page  
2021-04-12 05:12:32 INFO  Subcription:  Success New User Registration: new as user roles 
2021-04-12 05:13:02 INFO  Subcription:  Success New User Registration: new1 as user roles 
2021-04-12 05:13:36 INFO  Subcription:  Success New User Registration: zz as user roles 
2021-04-12 05:14:01 INFO  Subcription:  Success New User Registration: eagle as user roles 
2021-04-12 05:14:33 INFO  Subcription:  Success New User Registration: Bird as user roles 
2021-04-12 05:15:00 INFO  Login:  Success! Signed in for: new@g.com as: ROLE_USER 
2021-04-12 05:15:12 INFO  Page_Access: new accessed user page  
2021-04-12 05:16:22 INFO  Page_Access: new accessed user page  
2021-04-12 05:16:52 INFO  Page_Access: new accessed user page  
2021-04-12 05:17:00 INFO  Page_Access: new accessed user page  
2021-04-12 05:17:10 INFO  Page_Access: new accessed user page  
2021-04-12 05:18:23 INFO  Page_Access: new accessed user page  
2021-04-12 05:18:28 INFO  Page_Access: new accessed user page  
2021-04-12 05:18:53 INFO  Page_Access: new accessed user page  
2021-04-12 05:18:55 INFO  Page_Access: new accessed user page  
2021-04-12 05:19:28 INFO  Page_Access: new accessed user page  
2021-04-12 05:19:30 INFO  Page_Access: new accessed user page  
2021-04-12 05:19:48 INFO  Page_Access: new accessed user page  
2021-04-12 05:21:18 INFO  Page_Access: new accessed user page  
2021-04-12 05:21:26 INFO  Page_Access: new accessed user page  
2021-04-12 05:21:33 INFO  Page_Access: new accessed user page  
2021-04-12 05:21:44 INFO  Page_Access: new accessed user page  
2021-04-12 05:22:21 INFO  Subcription:  Success New User Registration: 1 as user roles 
2021-04-12 05:23:15 INFO  Page_Access: new accessed user page  
2021-04-12 05:23:20 INFO  Page_Access: new accessed user page  
2021-04-12 05:23:29 INFO  Page_Access: new accessed user page  
2021-04-12 05:23:32 INFO  Page_Access: new accessed user page  
2021-04-12 05:34:03 INFO  Page_Access: new accessed user page  
2021-04-12 05:34:05 INFO  Page_Access: new accessed user page  
2021-04-12 05:34:25 INFO  Page_Access: new accessed user page  
2021-04-12 05:35:07 INFO  Page_Access: new accessed user page  
2021-04-12 05:35:15 INFO  Page_Access: new accessed user page  
2021-04-12 05:42:18 INFO  Page_Access: new accessed user page  
2021-04-12 05:42:24 INFO  Page_Access: new accessed user page  
2021-04-12 05:42:29 INFO  Page_Access: new accessed user page  
2021-04-12 05:44:21 INFO  Subcription:  Success New User Registration: employee1 as employee roles 
2021-04-12 05:44:24 WARN  Error creating new user:  employee1  Username already in use 
2021-04-12 05:44:38 WARN  Error creating new user:  Cat  email already in use 
2021-04-12 05:44:53 INFO  Subcription:  Success New User Registration: Cat as employee roles 
2021-04-12 05:45:13 INFO  Subcription:  Success New User Registration: kitten as employee roles 
2021-04-12 05:45:26 WARN  Page_Access:  Unauthorised attempt to access internal secured page 
2021-04-12 05:45:28 WARN  Page_Access:  Unauthorised attempt to access internal secured page 
2021-04-12 05:45:38 INFO  Page_Access: employee1 Accessed Employee page  
2021-04-12 05:45:58 INFO  Login:  Success! Signed in for: kitten@g.com as: ROLE_EMPLOYEE 
2021-04-12 05:46:07 INFO  Page_Access: kitten Accessed Employee page  
2021-04-12 05:46:19 INFO  Page_Access: kitten Accessed Employee page  
2021-04-12 05:46:21 INFO  Page_Access: kitten Accessed Employee page  
2021-04-12 05:46:22 INFO  Page_Access: kitten Accessed Employee page  
2021-04-12 05:46:30 INFO  Page_Access: kitten Accessed Employee page  
2021-04-12 05:47:01 INFO  Page_Access: kitten Accessed Employee page  
2021-04-12 05:47:20 INFO  Page_Access: kitten Accessed Employee page  
2021-04-12 05:47:28 INFO  Page_Access: kitten Accessed Employee page  
2021-04-12 05:47:42 INFO  Page_Access: kitten Accessed Employee page  
2021-04-12 05:47:51 INFO  Page_Access: kitten Accessed Employee page  
2021-04-12 05:47:59 INFO  Page_Access: kitten Accessed Employee page  
2021-04-12 05:48:12 INFO  Page_Access: kitten Accessed Employee page  
